<?xml version="1.0" encoding="UTF-8"?>
<coverage generated="1738202602791" clover="3.2.0">
  <project timestamp="1738202602791" name="All files">
    <metrics statements="33" coveredstatements="27" conditionals="23" coveredconditionals="16" methods="6" coveredmethods="5" elements="62" coveredelements="48" complexity="0" loc="33" ncloc="33" packages="1" files="4" classes="4"/>
    <file name="add.js" path="D:\College\software testing\test_project\functions\add.js">
      <metrics statements="2" coveredstatements="2" conditionals="0" coveredconditionals="0" methods="1" coveredmethods="1"/>
      <line num="2" count="3" type="stmt"/>
      <line num="5" count="1" type="stmt"/>
    </file>
    <file name="fetchData.js" path="D:\College\software testing\test_project\functions\fetchData.js">
      <metrics statements="8" coveredstatements="8" conditionals="2" coveredconditionals="2" methods="1" coveredmethods="1"/>
      <line num="3" count="2" type="stmt"/>
      <line num="4" count="2" type="stmt"/>
      <line num="6" count="2" type="cond" truecount="2" falsecount="0"/>
      <line num="7" count="1" type="stmt"/>
      <line num="9" count="1" type="stmt"/>
      <line num="10" count="1" type="stmt"/>
      <line num="12" count="1" type="stmt"/>
      <line num="16" count="1" type="stmt"/>
    </file>
    <file name="userModel.js" path="D:\College\software testing\test_project\functions\userModel.js">
      <metrics statements="10" coveredstatements="9" conditionals="0" coveredconditionals="0" methods="1" coveredmethods="1"/>
      <line num="1" count="1" type="stmt"/>
      <line num="3" count="1" type="stmt"/>
      <line num="10" count="1" type="stmt"/>
      <line num="13" count="1" type="stmt"/>
      <line num="14" count="1" type="stmt"/>
      <line num="15" count="1" type="stmt"/>
      <line num="16" count="1" type="stmt"/>
      <line num="17" count="1" type="stmt"/>
      <line num="19" count="0" type="stmt"/>
      <line num="23" count="1" type="stmt"/>
    </file>
    <file name="userUtils.js" path="D:\College\software testing\test_project\functions\userUtils.js">
      <metrics statements="13" coveredstatements="8" conditionals="21" coveredconditionals="14" methods="3" coveredmethods="2"/>
      <line num="3" count="1" type="cond" truecount="3" falsecount="1"/>
      <line num="4" count="0" type="stmt"/>
      <line num="6" count="1" type="cond" truecount="2" falsecount="0"/>
      <line num="12" count="2" type="cond" truecount="2" falsecount="0"/>
      <line num="18" count="1" type="stmt"/>
      <line num="21" count="1" type="stmt"/>
      <line num="24" count="1" type="cond" truecount="3" falsecount="1"/>
      <line num="25" count="0" type="stmt"/>
      <line num="27" count="1" type="stmt"/>
      <line num="33" count="0" type="cond" truecount="0" falsecount="5"/>
      <line num="34" count="0" type="stmt"/>
      <line num="36" count="0" type="stmt"/>
      <line num="39" count="1" type="stmt"/>
    </file>
  </project>
</coverage>
